2024-02-10 21:45:12,164 INFO o.a.j.u.JMeterUtils: Setting Locale to en_EN
2024-02-10 21:45:12,184 INFO o.a.j.JMeter: Loading user properties from: E:\JMeter\apache-jmeter-5.6.3\apache-jmeter-5.6.3\bin\user.properties
2024-02-10 21:45:12,184 INFO o.a.j.JMeter: Loading system properties from: E:\JMeter\apache-jmeter-5.6.3\apache-jmeter-5.6.3\bin\system.properties
2024-02-10 21:45:12,190 INFO o.a.j.JMeter: Copyright (c) 1998-2024 The Apache Software Foundation
2024-02-10 21:45:12,190 INFO o.a.j.JMeter: Version 5.6.3
2024-02-10 21:45:12,191 INFO o.a.j.JMeter: java.version=21.0.2
2024-02-10 21:45:12,191 INFO o.a.j.JMeter: java.vm.name=Java HotSpot(TM) 64-Bit Server VM
2024-02-10 21:45:12,191 INFO o.a.j.JMeter: os.name=Windows 11
2024-02-10 21:45:12,191 INFO o.a.j.JMeter: os.arch=amd64
2024-02-10 21:45:12,191 INFO o.a.j.JMeter: os.version=10.0
2024-02-10 21:45:12,191 INFO o.a.j.JMeter: file.encoding=UTF-8
2024-02-10 21:45:12,191 INFO o.a.j.JMeter: java.awt.headless=true
2024-02-10 21:45:12,191 INFO o.a.j.JMeter: Max memory     =1073741824
2024-02-10 21:45:12,191 INFO o.a.j.JMeter: Available Processors =8
2024-02-10 21:45:12,202 INFO o.a.j.JMeter: Default Locale=English (EN)
2024-02-10 21:45:12,202 INFO o.a.j.JMeter: JMeter  Locale=English (EN)
2024-02-10 21:45:12,202 INFO o.a.j.JMeter: JMeterHome=E:\JMeter\apache-jmeter-5.6.3\apache-jmeter-5.6.3
2024-02-10 21:45:12,202 INFO o.a.j.JMeter: user.dir  =E:\SQA project\Jemter-2
2024-02-10 21:45:12,202 INFO o.a.j.JMeter: PWD       =E:\SQA project\Jemter-2
2024-02-10 21:45:17,139 INFO o.a.j.JMeter: IP: 192.168.56.1 Name: DESKTOP-RI4SH41 FullName: DESKTOP-RI4SH41
2024-02-10 21:45:17,156 INFO o.a.j.JMeter: Setting property 'jmeter.reportgenerator.outputdir' to:'E:\SQA project\Jemter-2\Reports'
2024-02-10 21:45:17,158 INFO o.a.j.s.FileServer: Default base='E:\SQA project\Jemter-2'
2024-02-10 21:45:17,159 INFO o.a.j.s.FileServer: Set new base='E:\SQA project\Jemter-2\.'
2024-02-10 21:45:17,364 INFO o.a.j.s.SaveService: Testplan (JMX) version: 2.2. Testlog (JTL) version: 2.2
2024-02-10 21:45:17,394 INFO o.a.j.s.SaveService: Using SaveService properties version 5.0
2024-02-10 21:45:17,398 INFO o.a.j.s.SaveService: Using SaveService properties file encoding UTF-8
2024-02-10 21:45:17,402 INFO o.a.j.s.SaveService: Loading file: .\Dmoney-Login-1.jmx
2024-02-10 21:45:17,453 INFO o.a.j.p.h.s.HTTPSamplerBase: Parser for text/html is org.apache.jmeter.protocol.http.parser.LagartoBasedHtmlParser
2024-02-10 21:45:17,453 INFO o.a.j.p.h.s.HTTPSamplerBase: Parser for application/xhtml+xml is org.apache.jmeter.protocol.http.parser.LagartoBasedHtmlParser
2024-02-10 21:45:17,453 INFO o.a.j.p.h.s.HTTPSamplerBase: Parser for application/xml is org.apache.jmeter.protocol.http.parser.LagartoBasedHtmlParser
2024-02-10 21:45:17,453 INFO o.a.j.p.h.s.HTTPSamplerBase: Parser for text/xml is org.apache.jmeter.protocol.http.parser.LagartoBasedHtmlParser
2024-02-10 21:45:17,453 INFO o.a.j.p.h.s.HTTPSamplerBase: Parser for text/vnd.wap.wml is org.apache.jmeter.protocol.http.parser.RegexpHTMLParser
2024-02-10 21:45:17,453 INFO o.a.j.p.h.s.HTTPSamplerBase: Parser for text/css is org.apache.jmeter.protocol.http.parser.CssParser
2024-02-10 21:45:17,476 INFO o.a.j.JMeter: Creating summariser <summary>
2024-02-10 21:45:17,480 INFO o.a.j.r.d.ReportGenerator: ReportGenerator will use for Parsing the separator: ','
2024-02-10 21:45:17,480 INFO o.a.j.r.d.ReportGenerator: Will generate report at end of test from  results file: .\Dmoney-Login-1.jtl
2024-02-10 21:45:17,480 INFO o.a.j.r.d.ReportGenerator: Reading report generator properties from: E:\JMeter\apache-jmeter-5.6.3\apache-jmeter-5.6.3\bin\reportgenerator.properties
2024-02-10 21:45:17,611 INFO o.a.j.r.d.ReportGenerator: Merging with JMeter properties
2024-02-10 21:45:17,643 INFO o.a.j.r.c.ReportGeneratorConfiguration: Property 'jmeter.reportgenerator.temp_dir' not found, using default value 'temp' instead.
2024-02-10 21:45:17,647 INFO o.a.j.r.c.ReportGeneratorConfiguration: Property 'jmeter.reportgenerator.apdex_per_transaction' not found, using default value 'null' instead.
2024-02-10 21:45:17,647 INFO o.a.j.r.c.ReportGeneratorConfiguration: apdex_per_transaction is empty, not APDEX per transaction customization
2024-02-10 21:45:17,648 INFO o.a.j.r.c.ReportGeneratorConfiguration: Property 'jmeter.reportgenerator.sample_filter' not found, using default value 'null' instead.
2024-02-10 21:45:17,648 INFO o.a.j.r.c.ReportGeneratorConfiguration: Property 'jmeter.reportgenerator.report_title' not found, using default value 'null' instead.
2024-02-10 21:45:17,648 INFO o.a.j.r.c.ReportGeneratorConfiguration: Property 'jmeter.reportgenerator.start_date' not found, using default value 'null' instead.
2024-02-10 21:45:17,648 INFO o.a.j.r.c.ReportGeneratorConfiguration: Property 'jmeter.reportgenerator.end_date' not found, using default value 'null' instead.
2024-02-10 21:45:17,648 INFO o.a.j.r.c.ReportGeneratorConfiguration: Property 'jmeter.reportgenerator.date_format' not found, using default value 'null' instead.
2024-02-10 21:45:17,648 INFO o.a.j.r.c.ReportGeneratorConfiguration: Will use date range start date: null, end date: null
2024-02-10 21:45:17,669 INFO o.a.j.r.c.ReportGeneratorConfiguration: Property 'jmeter.reportgenerator.graph.totalTPS.exclude_controllers' not found, using default value 'false' instead.
2024-02-10 21:45:17,670 INFO o.a.j.r.c.ReportGeneratorConfiguration: Property 'jmeter.reportgenerator.graph.activeThreadsOverTime.exclude_controllers' not found, using default value 'false' instead.
2024-02-10 21:45:17,670 INFO o.a.j.r.c.ReportGeneratorConfiguration: Property 'jmeter.reportgenerator.graph.timeVsThreads.exclude_controllers' not found, using default value 'false' instead.
2024-02-10 21:45:17,670 INFO o.a.j.r.c.ReportGeneratorConfiguration: Property 'jmeter.reportgenerator.graph.responseTimeDistribution.exclude_controllers' not found, using default value 'false' instead.
2024-02-10 21:45:17,670 INFO o.a.j.r.c.ReportGeneratorConfiguration: Property 'jmeter.reportgenerator.graph.transactionsPerSecond.exclude_controllers' not found, using default value 'false' instead.
2024-02-10 21:45:17,670 INFO o.a.j.r.c.ReportGeneratorConfiguration: Property 'jmeter.reportgenerator.graph.responseTimePercentiles.exclude_controllers' not found, using default value 'false' instead.
2024-02-10 21:45:17,670 INFO o.a.j.r.c.ReportGeneratorConfiguration: Property 'jmeter.reportgenerator.graph.responseTimePercentilesOverTime.exclude_controllers' not found, using default value 'false' instead.
2024-02-10 21:45:17,670 INFO o.a.j.r.c.ReportGeneratorConfiguration: Property 'jmeter.reportgenerator.graph.responseTimesOverTime.exclude_controllers' not found, using default value 'false' instead.
2024-02-10 21:45:17,670 INFO o.a.j.r.c.ReportGeneratorConfiguration: Property 'jmeter.reportgenerator.graph.connectTimeOverTime.exclude_controllers' not found, using default value 'false' instead.
2024-02-10 21:45:17,671 INFO o.a.j.r.c.ReportGeneratorConfiguration: Property 'jmeter.reportgenerator.graph.latenciesOverTime.exclude_controllers' not found, using default value 'false' instead.
2024-02-10 21:45:17,672 INFO o.a.j.r.c.ReportGeneratorConfiguration: Property 'jmeter.reportgenerator.exporter.json.filters_only_sample_series' not found, using default value 'true' instead.
2024-02-10 21:45:17,672 INFO o.a.j.r.c.ReportGeneratorConfiguration: Property 'jmeter.reportgenerator.exporter.json.series_filter' not found, using default value '' instead.
2024-02-10 21:45:17,672 INFO o.a.j.r.c.ReportGeneratorConfiguration: Property 'jmeter.reportgenerator.exporter.json.show_controllers_only' not found, using default value 'false' instead.
2024-02-10 21:45:17,673 INFO o.a.j.r.c.ReportGeneratorConfiguration: Property 'jmeter.reportgenerator.exporter.html.filters_only_sample_series' not found, using default value 'true' instead.
2024-02-10 21:45:17,673 INFO o.a.j.r.c.ReportGeneratorConfiguration: Property 'jmeter.reportgenerator.exporter.html.series_filter' not found, using default value '' instead.
2024-02-10 21:45:17,673 INFO o.a.j.r.c.ReportGeneratorConfiguration: Property 'jmeter.reportgenerator.exporter.html.show_controllers_only' not found, using default value 'false' instead.
2024-02-10 21:45:17,690 INFO o.a.j.e.StandardJMeterEngine: Running the test!
2024-02-10 21:45:17,690 INFO o.a.j.s.SampleEvent: List of sample_variables: []
2024-02-10 21:45:17,690 INFO o.a.j.s.SampleEvent: List of sample_variables: []
2024-02-10 21:45:17,694 INFO o.a.j.e.u.CompoundVariable: Note: Function class names must contain the string: '.functions.'
2024-02-10 21:45:17,695 INFO o.a.j.e.u.CompoundVariable: Note: Function class names must not contain the string: '.gui.'
2024-02-10 21:45:17,775 INFO o.a.j.JMeter: Running test (1707579917775)
2024-02-10 21:45:17,791 INFO o.a.j.e.StandardJMeterEngine: Starting ThreadGroup: 1 : Thread Group
2024-02-10 21:45:17,791 INFO o.a.j.e.StandardJMeterEngine: Starting 1 threads for group Thread Group.
2024-02-10 21:45:17,791 INFO o.a.j.e.StandardJMeterEngine: Thread will continue on error
2024-02-10 21:45:17,791 INFO o.a.j.t.ThreadGroup: Starting thread group... number=1 threads=1 ramp-up=1 delayedStart=false
2024-02-10 21:45:17,796 INFO o.a.j.t.ThreadGroup: Started thread group number 1
2024-02-10 21:45:17,796 INFO o.a.j.e.StandardJMeterEngine: All thread groups have been started
2024-02-10 21:45:17,798 INFO o.a.j.t.JMeterThread: Thread started: Thread Group 1-1
2024-02-10 21:45:17,813 INFO o.a.j.p.h.s.HTTPHCAbstractImpl: Local host = DESKTOP-RI4SH41
2024-02-10 21:45:17,818 INFO o.a.j.p.h.s.HTTPHC4Impl: HTTP request retry count = 0
2024-02-10 21:45:17,819 INFO o.a.j.s.SampleResult: Note: Sample TimeStamps are START times
2024-02-10 21:45:17,819 INFO o.a.j.s.SampleResult: sampleresult.default.encoding is set to UTF-8
2024-02-10 21:45:17,819 INFO o.a.j.s.SampleResult: sampleresult.useNanoTime=true
2024-02-10 21:45:17,819 INFO o.a.j.s.SampleResult: sampleresult.nanoThreadSleep=5000
2024-02-10 21:45:17,971 INFO o.a.j.t.JMeterThread: Thread is done: Thread Group 1-1
2024-02-10 21:45:17,971 INFO o.a.j.t.JMeterThread: Thread finished: Thread Group 1-1
2024-02-10 21:45:17,972 INFO o.a.j.e.StandardJMeterEngine: Notifying test listeners of end of test
2024-02-10 21:45:18,010 INFO o.a.j.r.Summariser: summary =      1 in 00:00:00 =    5.1/s Avg:    83 Min:    83 Max:    83 Err:     0 (0.00%)
2024-02-10 21:45:18,011 INFO o.a.j.JMeter: Generating Dashboard
2024-02-10 21:45:18,011 INFO o.a.j.r.d.ReportGenerator: Flushing result collector before report Generation
2024-02-10 21:45:18,029 INFO o.a.j.r.p.NormalizerSampleConsumer: Using format, 'ms', to parse timeStamp field
2024-02-10 21:45:18,194 INFO o.a.j.r.p.AbstractSampleConsumer: class org.apache.jmeter.report.processor.AggregateConsumer#stopProducing(): beginDate produced 0 samples
2024-02-10 21:45:18,194 INFO o.a.j.r.p.AbstractSampleConsumer: class org.apache.jmeter.report.processor.AggregateConsumer#stopProducing(): endDate produced 0 samples
2024-02-10 21:45:18,203 INFO o.a.j.r.p.AbstractSampleConsumer: class org.apache.jmeter.report.processor.ApdexSummaryConsumer#stopProducing(): apdexSummary produced 0 samples
2024-02-10 21:45:18,203 INFO o.a.j.r.p.AbstractSampleConsumer: class org.apache.jmeter.report.processor.RequestsSummaryConsumer#stopProducing(): requestsSummary produced 0 samples
2024-02-10 21:45:18,207 INFO o.a.j.r.p.AbstractSampleConsumer: class org.apache.jmeter.report.processor.StatisticsSummaryConsumer#stopProducing(): statisticsSummary produced 0 samples
2024-02-10 21:45:18,257 INFO o.a.j.r.p.AbstractSampleConsumer: class org.apache.jmeter.report.processor.Top5ErrorsBySamplerConsumer#stopProducing(): top5ErrorsBySampler produced 0 samples
2024-02-10 21:45:18,257 INFO o.a.j.r.p.AbstractSampleConsumer: class org.apache.jmeter.report.processor.ErrorsSummaryConsumer#stopProducing(): errorsSummary produced 0 samples
2024-02-10 21:45:18,257 INFO o.a.j.r.p.AbstractSampleConsumer: class org.apache.jmeter.report.processor.graph.impl.HitsPerSecondGraphConsumer#stopProducing(): hitsPerSecond produced 0 samples
2024-02-10 21:45:18,298 INFO o.a.j.r.p.AbstractSampleConsumer: class org.apache.jmeter.report.processor.graph.impl.LatencyVSRequestGraphConsumer#stopProducing(): latencyVsRequest produced 0 samples
2024-02-10 21:45:18,298 INFO o.a.j.r.p.AbstractSampleConsumer: class org.apache.jmeter.report.processor.graph.impl.SyntheticResponseTimeDistributionGraphConsumer#stopProducing(): syntheticResponseTimeDistribution produced 0 samples
2024-02-10 21:45:18,299 INFO o.a.j.r.p.AbstractSampleConsumer: class org.apache.jmeter.report.processor.graph.impl.BytesThroughputGraphConsumer#stopProducing(): bytesThroughputOverTime produced 0 samples
2024-02-10 21:45:18,299 INFO o.a.j.r.p.AbstractSampleConsumer: class org.apache.jmeter.report.processor.graph.impl.CodesPerSecondGraphConsumer#stopProducing(): codesPerSecond produced 0 samples
2024-02-10 21:45:18,303 INFO o.a.j.r.p.AbstractSampleConsumer: class org.apache.jmeter.report.processor.graph.impl.ResponseTimeVSRequestGraphConsumer#stopProducing(): responseTimeVsRequest produced 0 samples
2024-02-10 21:45:18,303 INFO o.a.j.r.p.AbstractSampleConsumer: class org.apache.jmeter.report.processor.FilterConsumer#stopProducing(): startIntervalControlerFilter produced 7 samples
2024-02-10 21:45:18,303 INFO o.a.j.r.p.AbstractSampleConsumer: class org.apache.jmeter.report.processor.graph.impl.TotalTPSGraphConsumer#stopProducing(): totalTPS produced 0 samples
2024-02-10 21:45:18,303 INFO o.a.j.r.p.AbstractSampleConsumer: class org.apache.jmeter.report.processor.graph.impl.ActiveThreadsGraphConsumer#stopProducing(): activeThreadsOverTime produced 0 samples
2024-02-10 21:45:18,303 INFO o.a.j.r.p.AbstractSampleConsumer: class org.apache.jmeter.report.processor.graph.impl.TimeVSThreadGraphConsumer#stopProducing(): timeVsThreads produced 0 samples
2024-02-10 21:45:18,303 INFO o.a.j.r.p.AbstractSampleConsumer: class org.apache.jmeter.report.processor.graph.impl.ResponseTimeDistributionGraphConsumer#stopProducing(): responseTimeDistribution produced 0 samples
2024-02-10 21:45:18,304 INFO o.a.j.r.p.AbstractSampleConsumer: class org.apache.jmeter.report.processor.graph.impl.TransactionsPerSecondGraphConsumer#stopProducing(): transactionsPerSecond produced 0 samples
2024-02-10 21:45:18,304 INFO o.a.j.r.p.AbstractSampleConsumer: class org.apache.jmeter.report.processor.graph.impl.ResponseTimePercentilesGraphConsumer#stopProducing(): responseTimePercentiles produced 0 samples
2024-02-10 21:45:18,305 INFO o.a.j.r.p.AbstractSampleConsumer: class org.apache.jmeter.report.processor.graph.impl.ResponseTimePercentilesOverTimeGraphConsumer#stopProducing(): responseTimePercentilesOverTime produced 0 samples
2024-02-10 21:45:18,305 INFO o.a.j.r.p.AbstractSampleConsumer: class org.apache.jmeter.report.processor.graph.impl.ResponseTimeOverTimeGraphConsumer#stopProducing(): responseTimesOverTime produced 0 samples
2024-02-10 21:45:18,305 INFO o.a.j.r.p.AbstractSampleConsumer: class org.apache.jmeter.report.processor.graph.impl.ConnectTimeOverTimeGraphConsumer#stopProducing(): connectTimeOverTime produced 0 samples
2024-02-10 21:45:18,305 INFO o.a.j.r.p.AbstractSampleConsumer: class org.apache.jmeter.report.processor.graph.impl.LatencyOverTimeGraphConsumer#stopProducing(): latenciesOverTime produced 0 samples
2024-02-10 21:45:18,306 INFO o.a.j.r.p.AbstractSampleConsumer: class org.apache.jmeter.report.processor.FilterConsumer#stopProducing(): nameFilter produced 15 samples
2024-02-10 21:45:18,306 INFO o.a.j.r.p.AbstractSampleConsumer: class org.apache.jmeter.report.processor.FilterConsumer#stopProducing(): dateRangeFilter produced 3 samples
2024-02-10 21:45:18,306 INFO o.a.j.r.p.AbstractSampleConsumer: class org.apache.jmeter.report.processor.NormalizerSampleConsumer#stopProducing(): normalizer produced 1 samples
2024-02-10 21:45:18,306 INFO o.a.j.r.p.CsvFileSampleSource: produce(): 1 samples produced in 250ms on channel 0
2024-02-10 21:45:18,306 INFO o.a.j.r.d.ReportGenerator: Exporting data using exporter:'json' of className:'org.apache.jmeter.report.dashboard.JsonExporter'
2024-02-10 21:45:18,373 INFO o.a.j.r.d.JsonExporter: Found data for consumer statisticsSummary in context
2024-02-10 21:45:18,373 INFO o.a.j.r.d.JsonExporter: Creating statistics for overall
2024-02-10 21:45:18,374 INFO o.a.j.r.d.JsonExporter: Creating statistics for other transactions
2024-02-10 21:45:18,374 INFO o.a.j.r.d.JsonExporter: Checking output folder
2024-02-10 21:45:18,374 INFO o.a.j.r.d.JsonExporter: Writing statistics JSON to E:\SQA project\Jemter-2\Reports\statistics.json
2024-02-10 21:45:18,449 INFO o.a.j.r.d.ReportGenerator: Exporting data using exporter:'html' of className:'org.apache.jmeter.report.dashboard.HtmlTemplateExporter'
2024-02-10 21:45:18,451 INFO o.a.j.r.d.HtmlTemplateExporter: Will generate dashboard in folder: E:\SQA project\Jemter-2\Reports
2024-02-10 21:45:18,689 INFO o.a.j.r.d.HtmlTemplateExporter: Report will be generated in: E:\SQA project\Jemter-2\Reports, creating folder structure
2024-02-10 21:45:18,691 INFO o.a.j.r.d.TemplateVisitor: Copying folder from 'E:\JMeter\apache-jmeter-5.6.3\apache-jmeter-5.6.3\bin\report-template' to 'E:\SQA project\Jemter-2\Reports', got message: E:\SQA project\Jemter-2\Reports, found non empty folder with following content [E:\SQA project\Jemter-2\Reports\statistics.json], will be ignored
2024-02-10 21:45:19,869 INFO o.a.j.JMeter: Dashboard generated
